<?xml version="1.0" encoding="UTF-8"?>
<!-- Generated by org.testng.reporters.JUnitReportReporter -->
<testsuite hostname="EPESMALW03F9" failures="0" tests="9" name="web.HomePageTestCases" time="28.453" errors="0" timestamp="2023-01-29T17:11:47 CET" skipped="0">
  <testcase classname="web.HomePageTestCases" name="isDyanmicIdButtonChanged" time="0.381"/>
  <system-out/>
  <testcase classname="web.HomePageTestCases" name="isAlertPopUpClosed" time="0.383"/>
  <system-out/>
  <testcase classname="web.HomePageTestCases" name="isGreenButtonNotClickable" time="1.432"/>
  <system-out/>
  <testcase classname="web.HomePageTestCases" name="isButtonDispalyedAfterDealy" time="5.338"/>
  <system-out/>
  <testcase classname="web.HomePageTestCases" name="isAjaxDataLoaded" time="15.917"/>
  <system-out/>
  <testcase classname="web.HomePageTestCases" name="isButtonIgnoringActionClicked" time="0.420"/>
  <system-out/>
  <testcase classname="web.HomePageTestCases" name="isTextAddedToField" time="0.417"/>
  <system-out/>
  <testcase classname="web.HomePageTestCases" name="isCpuValueMatchChromeCpuValue" time="0.605"/>
  <system-out/>
  <testcase classname="web.HomePageTestCases" name="trackProgressBarUpdate" time="3.560"/>
  <system-out/>
</testsuite> <!-- web.HomePageTestCases -->
