<?xml version="1.0" encoding="UTF-8"?>
<!-- Generated by org.testng.reporters.JUnitReportReporter -->
<testsuite hostname="EPESMALW03F9" failures="0" tests="3" name="web.NavBarTests" time="1.342" errors="0" timestamp="2023-02-02T11:21:24 CET" skipped="0">
  <testcase classname="web.NavBarTests" name="isHomePageOpened" time="0.334"/>
  <system-out/>
  <testcase classname="web.NavBarTests" name="isResourcePageOpened" time="0.372"/>
  <system-out/>
  <testcase classname="web.NavBarTests" name="isUiTabPageOpened" time="0.636"/>
  <system-out/>
</testsuite> <!-- web.NavBarTests -->
