<?xml version="1.0" encoding="UTF-8"?>
<!-- Generated by org.testng.reporters.JUnitReportReporter -->
<testsuite hostname="EPESMALW03F9" failures="0" tests="9" name="web.HomePageTests" time="27.905" errors="0" timestamp="2023-02-02T11:21:24 CET" skipped="0">
  <testcase classname="web.HomePageTests" name="isDyanmicIdButtonChanged" time="0.397"/>
  <system-out/>
  <testcase classname="web.HomePageTests" name="isAlertPopUpClosed" time="0.369"/>
  <system-out/>
  <testcase classname="web.HomePageTests" name="isGreenButtonNotClickable" time="1.490"/>
  <system-out/>
  <testcase classname="web.HomePageTests" name="isButtonDispalyedAfterDealy" time="5.370"/>
  <system-out/>
  <testcase classname="web.HomePageTests" name="isAjaxDataLoaded" time="15.676"/>
  <system-out/>
  <testcase classname="web.HomePageTests" name="isButtonIgnoringActionClicked" time="0.348"/>
  <system-out/>
  <testcase classname="web.HomePageTests" name="isTextAddedToField" time="0.408"/>
  <system-out/>
  <testcase classname="web.HomePageTests" name="isCpuValueMatchChromeCpuValue" time="0.630"/>
  <system-out/>
  <testcase classname="web.HomePageTests" name="trackProgressBarUpdate" time="3.217"/>
  <system-out/>
</testsuite> <!-- web.HomePageTests -->
