<?xml version="1.0" encoding="UTF-8"?>
<!-- Generated by org.testng.reporters.JUnitReportReporter -->
<testsuite hostname="EPESMALW03F9" failures="0" tests="2" name="ResourcesTests" time="0.176" errors="0" timestamp="2023-01-28T12:51:29 CET" skipped="0">
  <testcase classname="ResourcesTests" name="isResourcesPageHeadersPresented" time="0.053"/>
  <system-out/>
  <testcase classname="ResourcesTests" name="isResourcePageLinksPresented" time="0.123"/>
  <system-out/>
</testsuite> <!-- ResourcesTests -->
