<?xml version="1.0" encoding="UTF-8"?>
<!-- Generated by org.testng.reporters.JUnitReportReporter -->
<testsuite hostname="EPESMALW03F9" failures="0" tests="3" name="NavBarTests" time="0.969" errors="0" timestamp="2023-01-27T20:29:18 CET" skipped="0">
  <testcase classname="NavBarTests" name="isHomePageOpened" time="0.329"/>
  <system-out/>
  <testcase classname="NavBarTests" name="isResourcePageOpened" time="0.325"/>
  <system-out/>
  <testcase classname="NavBarTests" name="isUiTabPageOpened" time="0.315"/>
  <system-out/>
</testsuite> <!-- NavBarTests -->
