<?xml version="1.0" encoding="UTF-8"?>
<!-- Generated by org.testng.reporters.JUnitReportReporter -->
<testsuite hostname="EPESMALW03F9" failures="0" tests="2" name="web.ResourcesTests" time="0.179" errors="0" timestamp="2023-02-01T17:24:16 CET" skipped="0">
  <testcase classname="web.ResourcesTests" name="isResourcesPageHeadersPresented" time="0.055"/>
  <system-out/>
  <testcase classname="web.ResourcesTests" name="isResourcePageLinksPresented" time="0.124"/>
  <system-out/>
</testsuite> <!-- web.ResourcesTests -->
