<?xml version="1.0" encoding="UTF-8"?>
<!-- Generated by org.testng.reporters.JUnitReportReporter -->
<testsuite hostname="EPESMALW03F9" failures="0" tests="9" name="web.HomePageTests" time="37.404" errors="0" timestamp="2023-01-29T17:32:48 CET" skipped="0">
  <testcase classname="web.HomePageTests" name="isDyanmicIdButtonChanged" time="0.352"/>
  <system-out/>
  <testcase classname="web.HomePageTests" name="isAlertPopUpClosed" time="0.363"/>
  <system-out/>
  <testcase classname="web.HomePageTests" name="isGreenButtonNotClickable" time="1.438"/>
  <system-out/>
  <testcase classname="web.HomePageTests" name="isButtonDispalyedAfterDealy" time="5.346"/>
  <system-out/>
  <testcase classname="web.HomePageTests" name="isAjaxDataLoaded" time="15.708"/>
  <system-out/>
  <testcase classname="web.HomePageTests" name="isButtonIgnoringActionClicked" time="0.421"/>
  <system-out/>
  <testcase classname="web.HomePageTests" name="isTextAddedToField" time="0.484"/>
  <system-out/>
  <testcase classname="web.HomePageTests" name="isCpuValueMatchChromeCpuValue" time="0.740"/>
  <system-out/>
  <testcase classname="web.HomePageTests" name="trackProgressBarUpdate" time="12.552"/>
  <system-out/>
</testsuite> <!-- web.HomePageTests -->
