<?xml version="1.0" encoding="UTF-8"?>
<!-- Generated by org.testng.reporters.JUnitReportReporter -->
<testsuite hostname="EPESMALW03F9" failures="0" tests="3" name="web.NavBarTests" time="0.988" errors="0" timestamp="2023-02-01T17:24:16 CET" skipped="0">
  <testcase classname="web.NavBarTests" name="isHomePageOpened" time="0.349"/>
  <system-out/>
  <testcase classname="web.NavBarTests" name="isResourcePageOpened" time="0.350"/>
  <system-out/>
  <testcase classname="web.NavBarTests" name="isUiTabPageOpened" time="0.289"/>
  <system-out/>
</testsuite> <!-- web.NavBarTests -->
