<?xml version="1.0" encoding="UTF-8"?>
<!-- Generated by org.testng.reporters.JUnitReportReporter -->
<testsuite hostname="EPESMALW03F9" failures="0" tests="2" name="web.ResourcesTests" time="0.258" errors="0" timestamp="2023-02-02T11:21:24 CET" skipped="0">
  <testcase classname="web.ResourcesTests" name="isResourcesPageHeadersPresented" time="0.087"/>
  <system-out/>
  <testcase classname="web.ResourcesTests" name="isResourcePageLinksPresented" time="0.171"/>
  <system-out/>
</testsuite> <!-- web.ResourcesTests -->
