<?xml version="1.0" encoding="UTF-8"?>
<!-- Generated by org.testng.reporters.JUnitReportReporter -->
<testsuite hostname="EPESMALW03F9" failures="0" tests="4" name="api.UserTests" time="2.644" errors="0" timestamp="2023-02-02T16:52:22 CET" skipped="0">
  <testcase classname="api.UserTests" name="isUserArrayAdded" time="0.657"/>
  <system-out/>
  <testcase classname="api.UserTests" name="isUserListAdded" time="0.700"/>
  <system-out/>
  <testcase classname="api.UserTests" name="isNotUserExist" time="0.621"/>
  <system-out/>
  <testcase classname="api.UserTests" name="isUserExist" time="0.666"/>
  <system-out/>
</testsuite> <!-- api.UserTests -->
