<?xml version="1.0" encoding="UTF-8"?>
<!-- Generated by org.testng.reporters.JUnitReportReporter -->
<testsuite hostname="EPESMALW03F9" failures="0" tests="3" name="web.NavBarTests" time="0.934" errors="0" timestamp="2023-02-02T17:18:58 CET" skipped="0">
  <testcase classname="web.NavBarTests" name="isHomePageOpened" time="0.313"/>
  <system-out/>
  <testcase classname="web.NavBarTests" name="isResourcePageOpened" time="0.306"/>
  <system-out/>
  <testcase classname="web.NavBarTests" name="isUiTabPageOpened" time="0.315"/>
  <system-out/>
</testsuite> <!-- web.NavBarTests -->
