<?xml version="1.0" encoding="UTF-8"?>
<!-- Generated by org.testng.reporters.JUnitReportReporter -->
<testsuite hostname="EPESMALW03F9" failures="0" tests="4" name="api.UesrTests" time="4.513" errors="0" timestamp="2023-02-02T16:46:41 CET" skipped="0">
  <testcase classname="api.UesrTests" name="isUserArrayAdded" time="2.504"/>
  <system-out/>
  <testcase classname="api.UesrTests" name="isUserListAdded" time="0.681"/>
  <system-out/>
  <testcase classname="api.UesrTests" name="isUserExist" time="0.676"/>
  <system-out/>
  <testcase classname="api.UesrTests" name="isNotUserExist" time="0.652"/>
  <system-out/>
</testsuite> <!-- api.UesrTests -->
