<?xml version="1.0" encoding="UTF-8"?>
<!-- Generated by org.testng.reporters.JUnitReportReporter -->
<testsuite hostname="EPESMALW03F9" failures="0" tests="3" name="web.NavBarTests" time="0.947" errors="0" timestamp="2023-01-29T17:32:47 CET" skipped="0">
  <testcase classname="web.NavBarTests" name="isHomePageOpened" time="0.319"/>
  <system-out/>
  <testcase classname="web.NavBarTests" name="isResourcePageOpened" time="0.310"/>
  <system-out/>
  <testcase classname="web.NavBarTests" name="isUiTabPageOpened" time="0.318"/>
  <system-out/>
</testsuite> <!-- web.NavBarTests -->
